[INFO] 2025-12-28T17:01:20.873Z - Creating new assignment with id: undefined
[ERROR] 2025-12-28T17:01:20.909Z - Internal Server Error
[INFO] 2025-12-28T17:02:56.757Z - Creating new assignment with id: undefined
[ERROR] 2025-12-28T17:02:56.763Z - Internal Server Error
[INFO] 2025-12-28T17:03:42.387Z - Creating new assignment with id: 1
[ERROR] 2025-12-28T17:14:28.545Z - Internal Server Error
[ERROR] 2025-12-28T17:18:48.402Z - Internal Server Error
[ERROR] 2025-12-28T17:19:41.935Z - Internal Server Error
[ERROR] 2025-12-28T17:20:40.103Z - Internal Server Error
[ERROR] 2025-12-28T17:21:38.320Z - Internal Server Error
[ERROR] 2025-12-28T17:23:33.457Z - Internal Server Error
[ERROR] 2025-12-28T17:23:34.893Z - Internal Server Error
[ERROR] 2025-12-28T17:34:09.875Z - Internal Server Error
[ERROR] 2025-12-28T17:34:17.660Z - Internal Server Error
[ERROR] 2025-12-28T17:35:08.277Z - Internal Server Error
[INFO] 2025-12-28T17:35:24.272Z - Assignment submitted successfully
[ERROR] 2025-12-28T17:37:52.611Z - Internal Server Error
[ERROR] 2025-12-28T17:38:16.770Z - Internal Server Error
[ERROR] 2025-12-28T17:38:18.595Z - Internal Server Error
[ERROR] 2025-12-28T17:38:19.743Z - Internal Server Error
[ERROR] 2025-12-28T17:40:06.937Z - Internal Server Error
[ERROR] 2025-12-28T17:42:09.463Z - Internal Server Error
[ERROR] 2025-12-28T17:44:24.421Z - Internal Server Error
[ERROR] 2025-12-28T17:44:26.003Z - Internal Server Error
[ERROR] 2025-12-28T17:44:27.312Z - Internal Server Error
[INFO] 2025-12-28T17:46:52.973Z - Assignment submitted successfully
[INFO] 2025-12-28T18:48:47.854Z - Creating new assignment with id: 1
[ERROR] 2025-12-28T18:48:47.940Z - Internal Server Error
[INFO] 2025-12-28T18:49:49.759Z - Creating new assignment with id: 1
[ERROR] 2025-12-28T18:50:05.262Z - Invalid password
[INFO] 2025-12-28T18:50:50.727Z - Assignment submitted successfully
[INFO] 2025-12-28T18:51:21.826Z - Assignment submitted successfully
[INFO] 2025-12-28T19:14:57.718Z - Assignment submitted successfully
[ERROR] 2025-12-28T19:25:18.470Z - Internal Server Error
[ERROR] 2025-12-28T19:29:10.284Z - Internal Server Error
[ERROR] 2025-12-28T19:31:19.171Z - Internal Server Error
[INFO] 2025-12-28T19:37:59.750Z - Creating new assignment with id: undefined
[ERROR] 2025-12-28T19:38:45.927Z - Internal Server Error
[INFO] 2025-12-28T19:44:24.825Z - Assignment submitted successfully
[ERROR] 2025-12-28T19:45:49.730Z - Internal Server Error
[INFO] 2025-12-28T19:47:03.592Z - Creating new assignment with id: undefined
[ERROR] 2025-12-28T19:48:05.556Z - Internal Server Error
[ERROR] 2025-12-28T19:56:31.240Z - Internal Server Error
[INFO] 2025-12-28T19:58:01.741Z - Assignment submitted successfully
[ERROR] 2025-12-28T19:59:14.608Z - Internal Server Error
[ERROR] 2025-12-28T20:03:20.038Z - Internal Server Error
[INFO] 2025-12-28T20:07:53.571Z - Assignment submitted successfully
[INFO] 2025-12-28T20:08:22.563Z - Assignment submitted successfully
[INFO] 2025-12-28T20:08:58.879Z - Assignment submitted successfully
[INFO] 2025-12-28T20:08:59.924Z - Assignment submitted successfully
[INFO] 2025-12-28T20:13:28.977Z - Assignment submitted successfully
[ERROR] 2025-12-28T20:13:31.201Z - Internal Server Error
[INFO] 2025-12-28T20:13:36.800Z - Assignment submitted successfully
[ERROR] 2025-12-28T20:13:38.306Z - Internal Server Error
[ERROR] 2025-12-28T20:18:03.496Z - Internal Server Error
[INFO] 2025-12-28T20:39:45.001Z - Calculated average grade: 91
[INFO] 2025-12-28T21:03:10.236Z - Calculated average grade: 91
[ERROR] 2025-12-28T22:37:22.621Z - User not found
[ERROR] 2025-12-28T22:37:26.970Z - User not found
[ERROR] 2025-12-28T23:05:47.783Z - Internal Server Error
[ERROR] 2025-12-28T23:05:48.975Z - Internal Server Error
[ERROR] 2025-12-28T23:05:49.517Z - Internal Server Error
[ERROR] 2025-12-28T23:05:50.150Z - Internal Server Error
[ERROR] 2025-12-28T23:05:51.390Z - Internal Server Error
[ERROR] 2025-12-28T23:05:51.561Z - Internal Server Error
[ERROR] 2025-12-28T23:05:51.778Z - Internal Server Error
[ERROR] 2025-12-28T23:07:14.834Z - Internal Server Error
[ERROR] 2025-12-28T23:08:18.008Z - Internal Server Error
[ERROR] 2025-12-28T23:08:26.479Z - Internal Server Error
[ERROR] 2025-12-28T23:08:34.335Z - Internal Server Error
[ERROR] 2025-12-28T23:08:37.522Z - Internal Server Error
[ERROR] 2025-12-28T23:08:38.332Z - Internal Server Error
[ERROR] 2025-12-28T23:08:41.515Z - Internal Server Error
[ERROR] 2025-12-28T23:08:42.640Z - Internal Server Error
[ERROR] 2025-12-28T23:08:43.477Z - Internal Server Error
[ERROR] 2025-12-28T23:08:44.083Z - Internal Server Error
[ERROR] 2025-12-28T23:09:00.822Z - Internal Server Error
[ERROR] 2025-12-28T23:09:01.916Z - Internal Server Error
[ERROR] 2025-12-28T23:09:03.357Z - Internal Server Error
[ERROR] 2025-12-28T23:09:03.523Z - Internal Server Error
[ERROR] 2025-12-28T23:09:03.694Z - Internal Server Error
[ERROR] 2025-12-28T23:09:03.857Z - Internal Server Error
[ERROR] 2025-12-28T23:09:04.089Z - Internal Server Error
[ERROR] 2025-12-28T23:09:14.285Z - Internal Server Error
[ERROR] 2025-12-28T23:09:25.305Z - Internal Server Error
[ERROR] 2025-12-28T23:09:26.266Z - Internal Server Error
[ERROR] 2025-12-28T23:09:27.012Z - Internal Server Error
[ERROR] 2025-12-28T23:09:30.713Z - Internal Server Error
[ERROR] 2025-12-28T23:09:31.395Z - Internal Server Error
[ERROR] 2025-12-28T23:09:31.919Z - Internal Server Error
[ERROR] 2025-12-28T23:09:32.099Z - Internal Server Error
[ERROR] 2025-12-28T23:09:32.330Z - Internal Server Error
[ERROR] 2025-12-28T23:09:35.614Z - Internal Server Error
[ERROR] 2025-12-28T23:09:35.794Z - Internal Server Error
[ERROR] 2025-12-28T23:09:35.968Z - Internal Server Error
[ERROR] 2025-12-28T23:09:36.146Z - Internal Server Error
[ERROR] 2025-12-28T23:09:36.360Z - Internal Server Error
[ERROR] 2025-12-28T23:09:39.750Z - Internal Server Error
[ERROR] 2025-12-28T23:09:56.944Z - Internal Server Error
[ERROR] 2025-12-28T23:09:58.282Z - Internal Server Error
[ERROR] 2025-12-28T23:10:23.589Z - Internal Server Error
[INFO] 2025-12-28T23:15:17.704Z - Creating new assignment with id: undefined
[INFO] 2025-12-28T23:15:41.137Z - Assignment submitted successfully
[INFO] 2025-12-28T23:17:37.237Z - Assignment submitted successfully
[INFO] 2025-12-28T23:20:26.518Z - Assignment submitted successfully
[ERROR] 2025-12-28T23:21:14.764Z - Invalid password
[ERROR] 2025-12-28T23:21:24.044Z - Invalid password
[INFO] 2025-12-29T00:32:00.948Z - Fetched all submissions
[INFO] 2025-12-29T00:32:37.547Z - Fetched all submissions
[INFO] 2025-12-29T00:32:37.570Z - Fetched all submissions
[INFO] 2025-12-29T00:43:52.365Z - Fetched all submissions
[INFO] 2025-12-29T00:43:52.404Z - Fetched all submissions
[INFO] 2025-12-29T01:08:43.994Z - Fetched all submissions
[INFO] 2025-12-29T01:08:44.023Z - Fetched all submissions
[INFO] 2025-12-29T01:12:46.548Z - Fetched all submissions
[INFO] 2025-12-29T01:12:46.563Z - Fetched all submissions
[INFO] 2025-12-29T15:21:06.954Z - Assignment submitted successfully
[INFO] 2025-12-29T15:22:12.487Z - Fetched all submissions
[INFO] 2025-12-29T15:22:12.509Z - Fetched all submissions
[INFO] 2025-12-29T15:44:14.137Z - Fetched all submissions
[INFO] 2025-12-29T15:44:14.162Z - Fetched all submissions
[INFO] 2025-12-29T15:44:16.177Z - Fetched all submissions
[INFO] 2025-12-29T15:44:16.196Z - Fetched all submissions
[INFO] 2025-12-29T15:45:27.968Z - Fetched all submissions
[ERROR] 2025-12-29T15:51:35.035Z - Internal Server Error
[INFO] 2025-12-29T15:59:22.654Z - Assignment submitted successfully
[INFO] 2025-12-29T16:00:14.846Z - Fetched all submissions
[INFO] 2025-12-29T16:00:14.877Z - Fetched all submissions
[INFO] 2025-12-29T16:01:14.952Z - Fetched all submissions
[INFO] 2025-12-29T16:01:19.688Z - Fetched all submissions
[INFO] 2025-12-29T16:02:43.224Z - Fetched all submissions
[INFO] 2025-12-29T16:02:43.250Z - Fetched all submissions
[INFO] 2025-12-29T16:02:44.125Z - Fetched all submissions
[INFO] 2025-12-29T16:02:44.153Z - Fetched all submissions
[INFO] 2025-12-29T16:03:12.881Z - Fetched all submissions
[INFO] 2025-12-29T16:03:12.901Z - Fetched all submissions
[INFO] 2025-12-29T16:15:13.700Z - Assignment submitted successfully
[INFO] 2025-12-29T16:23:43.702Z - Assignment submitted successfully
[INFO] 2025-12-29T16:26:50.070Z - Fetched all submissions
[INFO] 2025-12-29T16:26:50.127Z - Fetched all submissions
[INFO] 2025-12-29T16:29:22.259Z - Fetched all submissions
[INFO] 2025-12-29T16:29:22.315Z - Fetched all submissions
[INFO] 2025-12-29T16:30:18.310Z - Fetched all submissions
[INFO] 2025-12-29T16:33:54.099Z - Fetched all submissions
[INFO] 2025-12-29T16:33:54.152Z - Fetched all submissions
[INFO] 2025-12-29T17:00:50.335Z - Fetched all submissions
[INFO] 2025-12-29T17:00:50.372Z - Fetched all submissions
[INFO] 2025-12-29T17:04:31.020Z - Creating new assignment with id: undefined
[ERROR] 2025-12-29T17:04:31.143Z - Internal Server Error
[INFO] 2025-12-29T17:14:27.140Z - Fetched all submissions
[INFO] 2025-12-29T17:14:38.124Z - Fetched all submissions
[INFO] 2025-12-29T17:14:57.132Z - Fetched all submissions
[INFO] 2025-12-29T17:14:59.131Z - Fetched all submissions
[INFO] 2025-12-29T17:16:02.441Z - Fetched all submissions
[INFO] 2025-12-29T17:16:02.470Z - Fetched all submissions
[INFO] 2025-12-29T17:17:26.709Z - Fetched all submissions
[INFO] 2025-12-29T17:17:26.739Z - Fetched all submissions
[INFO] 2025-12-29T17:18:28.287Z - Fetched all submissions
[INFO] 2025-12-29T17:18:28.309Z - Fetched all submissions
[INFO] 2025-12-29T17:20:08.253Z - Creating new assignment with id: undefined
[ERROR] 2025-12-29T17:20:08.265Z - Internal Server Error
[INFO] 2025-12-29T17:20:59.146Z - Creating new assignment with id: undefined
[ERROR] 2025-12-29T17:20:59.160Z - Internal Server Error
[INFO] 2025-12-29T17:21:09.537Z - Creating new assignment with id: undefined
[ERROR] 2025-12-29T17:21:09.550Z - Internal Server Error
[INFO] 2025-12-29T17:21:40.898Z - Creating new assignment with id: undefined
[ERROR] 2025-12-29T17:21:40.911Z - Internal Server Error
[INFO] 2025-12-29T17:27:09.141Z - Fetched all submissions
[INFO] 2025-12-29T17:27:09.169Z - Fetched all submissions
[INFO] 2025-12-29T17:28:14.562Z - Creating new assignment with id: undefined
[ERROR] 2025-12-29T17:28:14.574Z - Internal Server Error
[INFO] 2025-12-29T17:29:12.652Z - Creating new assignment with id: undefined
[ERROR] 2025-12-29T17:29:12.663Z - Internal Server Error
[INFO] 2025-12-29T17:29:23.111Z - Fetched all submissions
[INFO] 2025-12-29T17:29:23.134Z - Fetched all submissions
[INFO] 2025-12-29T17:29:44.209Z - Creating new assignment with id: undefined
[ERROR] 2025-12-29T17:29:44.224Z - Internal Server Error
[INFO] 2025-12-29T17:46:36.920Z - Creating new assignment with id: undefined
[ERROR] 2025-12-29T17:46:36.931Z - Internal Server Error
[INFO] 2025-12-29T18:46:39.163Z - Fetched all submissions
[INFO] 2025-12-29T18:46:39.222Z - Fetched all submissions
[INFO] 2025-12-29T18:47:10.099Z - Creating new assignment with id: undefined
[ERROR] 2025-12-29T18:47:10.160Z - Internal Server Error
[INFO] 2025-12-29T18:48:28.445Z - Creating new assignment with id: undefined
[INFO] 2025-12-29T18:48:31.174Z - Fetched all submissions
[INFO] 2025-12-29T18:51:14.695Z - Fetched all submissions
[INFO] 2025-12-29T18:51:14.729Z - Fetched all submissions
[INFO] 2025-12-29T18:51:54.490Z - Fetched all submissions
[INFO] 2025-12-29T18:51:54.509Z - Fetched all submissions
[INFO] 2025-12-29T18:52:52.661Z - Creating new assignment with id: undefined
[INFO] 2025-12-29T18:52:54.241Z - Fetched all submissions
[INFO] 2025-12-29T18:53:09.095Z - Fetched all submissions
[INFO] 2025-12-29T18:53:09.113Z - Fetched all submissions
[INFO] 2025-12-29T19:10:50.168Z - Creating new assignment with id: undefined
[INFO] 2025-12-29T19:13:22.943Z - Creating new assignment with id: undefined
[INFO] 2025-12-29T19:13:52.322Z - Creating new assignment with id: undefined
[INFO] 2025-12-29T19:16:59.616Z - Creating new assignment with id: undefined
[INFO] 2025-12-29T19:17:10.644Z - Creating new assignment with id: undefined
[INFO] 2025-12-29T20:50:42.446Z - Creating new assignment with id: undefined
[INFO] 2025-12-29T20:52:10.587Z - Creating new assignment with id: undefined
[INFO] 2025-12-29T21:09:21.631Z - Creating new assignment with id: undefined
[INFO] 2025-12-29T21:10:53.409Z - Creating new assignment with id: undefined
[INFO] 2025-12-29T21:12:02.089Z - Assignment submitted successfully
[INFO] 2025-12-29T21:12:25.453Z - Assignment submitted successfully
[INFO] 2025-12-29T21:16:10.387Z - Creating new assignment with id: undefined
[INFO] 2025-12-29T21:22:59.370Z - Assignment submitted successfully
[INFO] 2025-12-29T22:05:29.566Z - Assignment submitted successfully
[INFO] 2025-12-29T22:17:02.023Z - Creating new assignment with id: undefined
[INFO] 2025-12-29T22:17:35.318Z - Assignment submitted successfully
[INFO] 2025-12-29T22:19:52.999Z - Creating new assignment with id: undefined
[INFO] 2025-12-29T22:20:38.288Z - Assignment submitted successfully
[INFO] 2025-12-30T16:24:51.081Z - Creating new assignment with id: undefined
[INFO] 2025-12-31T16:59:24.703Z - Assignment submitted successfully
